[debug] > Exec(early(addDefaultCommands), None, None)
[debug] > Exec(addDefaultCommands, None, None)
[debug] > Exec(early(initialize), None, None)
[debug] > Exec(initialize, None, None)
[debug] > Exec(boot, None, None)
[debug] > Exec(writeSbtVersion, None, None)
[debug] > Exec(reload, None, None)
[debug] > Exec(sbtStashOnFailure, None, None)
[debug] > Exec(onFailure loadFailed, None, None)
[debug] > Exec(loadp, None, None)
[info] welcome to sbt 1.9.8 (Oracle Corporation Java 21.0.1)
[debug] Load.defaultLoad until apply took 126.176134ms
[debug]           Load.loadUnit: plugins took 75.183045ms
[debug]           Load.loadUnit: defsScala took 0.295798ms
[debug] [Loading] Scanning directory /Users/hsupeihan-work/IdeaProjects/Ass1/project
[debug]             Load.loadUnit: mkEval took 6.951269ms
[debug] [Loading] Found non-root projects 
[debug] [Loading] Done in /Users/hsupeihan-work/IdeaProjects/Ass1/project, returning: ()
[debug] deducing auto plugins based on known facts Set(Atom(sbt.plugins.CorePlugin)) and clauses Clauses(Clause(Atom(sbt.plugins.JvmPlugin),Set(Atom(sbt.plugins.IvyPlugin)))
[debug] Clause(Atom(sbt.ScriptedPlugin),Set(Atom(sbt.plugins.JvmPlugin)))
[debug] Clause(Atom(sbt.plugins.SbtPlugin),Set(Atom(sbt.ScriptedPlugin)))
[debug] Clause(Atom(sbt.plugins.SemanticdbPlugin),Set(Atom(sbt.plugins.JvmPlugin)))
[debug] Clause(Atom(sbt.plugins.JUnitXmlReportPlugin),Set(Atom(sbt.plugins.JvmPlugin)))
[debug] Clause(Atom(sbt.plugins.MiniDependencyTreePlugin),Set(Atom(sbt.plugins.JvmPlugin)))
[debug] Clause(Atom(sbt.plugins.CorePlugin),Set(Atom(sbt.plugins.IvyPlugin)))
[debug] Clause(Atom(sbt.plugins.IvyPlugin),Set(Atom(sbt.plugins.JvmPlugin)))
[debug] Clause(Atom(sbt.plugins.JvmPlugin),Set(Atom(sbt.plugins.SemanticdbPlugin)))
[debug] Clause(Atom(sbt.plugins.JvmPlugin),Set(Atom(sbt.plugins.JUnitXmlReportPlugin)))
[debug] Clause(Atom(sbt.plugins.CorePlugin),Set(Atom(sbt.plugins.Giter8TemplatePlugin)))
[debug] Clause(Atom(sbt.plugins.JvmPlugin),Set(Atom(sbt.plugins.MiniDependencyTreePlugin))))
[debug]   :: deduced result: Matched(sbt.plugins.CorePlugin,sbt.plugins.Giter8TemplatePlugin,sbt.plugins.IvyPlugin,sbt.plugins.JvmPlugin,sbt.plugins.MiniDependencyTreePlugin,sbt.plugins.JUnitXmlReportPlugin,sbt.plugins.SemanticdbPlugin)
[debug] Plugins.deducer#function took 18.455844 ms
[info] loading settings for project ass1-build from plugins.sbt ...
[debug]               Load.resolveProject(ass1-build) took 50.493875ms
[debug]             Load.loadTransitive: finalizeProject(Project(id ass1-build, base: /Users/hsupeihan-work/IdeaProjects/Ass1/project, plugins: List(<none>))) took 90.090956ms
[debug] [Loading] Done in /Users/hsupeihan-work/IdeaProjects/Ass1/project, returning: (ass1-build)
[debug]           Load.loadUnit: loadedProjectsRaw took 490.818037ms
[debug]           Load.loadUnit: cleanEvalClasses took 9.743291ms
[debug]         Load.loadUnit(file:/Users/hsupeihan-work/IdeaProjects/Ass1/project/, ...) took 582.042359ms
[debug]       Load.apply: load took 1002.078161ms
[debug]       Load.apply: resolveProjects took 5.700657ms
[debug]       Load.apply: finalTransforms took 60.521873ms
[debug]       Load.apply: config.delegates took 6.529777ms
[debug]       Load.apply: Def.make(settings)... took 406.149482ms
[debug]       Load.apply: structureIndex took 101.249715ms
[debug]       Load.apply: mkStreams took 1.232974ms
[info] loading project definition from /Users/hsupeihan-work/IdeaProjects/Ass1/project
[debug] Running task... Cancel: Signal, check cycles: false, forcegc: true
[debug]     Load.loadUnit: plugins took 2491.20206ms
[debug]     Load.loadUnit: defsScala took 0.004279ms
[debug] [Loading] Scanning directory /Users/hsupeihan-work/IdeaProjects/Ass1
[debug]       Load.loadUnit: mkEval took 0.204457ms
[debug] [Loading] Found root project root w/ remaining 
[debug] deducing auto plugins based on known facts Set(Atom(sbt.plugins.CorePlugin)) and clauses Clauses(Clause(Atom(sbt.plugins.JvmPlugin),Set(Atom(sbt.plugins.IvyPlugin)))
[debug] Clause(Atom(sbt.ScriptedPlugin),Set(Atom(sbt.plugins.JvmPlugin)))
[debug] Clause(Atom(sbt.plugins.SbtPlugin),Set(Atom(sbt.ScriptedPlugin)))
[debug] Clause(Atom(sbt.plugins.SemanticdbPlugin),Set(Atom(sbt.plugins.JvmPlugin)))
[debug] Clause(Atom(sbt.plugins.JUnitXmlReportPlugin),Set(Atom(sbt.plugins.JvmPlugin)))
[debug] Clause(Atom(sbt.plugins.MiniDependencyTreePlugin),Set(Atom(sbt.plugins.JvmPlugin)))
[debug] Clause(Atom(sbtide.ConfigPlugin),Set(Atom(sbt.plugins.JvmPlugin)))
[debug] Clause(Atom(sbt.plugins.CorePlugin),Set(Atom(sbt.plugins.IvyPlugin)))
[debug] Clause(Atom(sbt.plugins.IvyPlugin),Set(Atom(sbt.plugins.JvmPlugin)))
[debug] Clause(Atom(sbt.plugins.JvmPlugin),Set(Atom(sbt.plugins.SemanticdbPlugin)))
[debug] Clause(Atom(sbt.plugins.JvmPlugin),Set(Atom(sbt.plugins.JUnitXmlReportPlugin)))
[debug] Clause(Atom(sbt.plugins.CorePlugin),Set(Atom(sbt.plugins.Giter8TemplatePlugin)))
[debug] Clause(Atom(sbt.plugins.JvmPlugin),Set(Atom(sbt.plugins.MiniDependencyTreePlugin))))
[debug]   :: deduced result: Matched(sbt.plugins.CorePlugin,sbt.plugins.Giter8TemplatePlugin,sbt.plugins.IvyPlugin,sbt.plugins.JvmPlugin,sbt.plugins.MiniDependencyTreePlugin,sbt.plugins.JUnitXmlReportPlugin,sbt.plugins.SemanticdbPlugin)
[debug] Plugins.deducer#function took 2.096117 ms
[info] loading settings for project root from build.sbt ...
[debug]         Load.resolveProject(root) took 1.393919ms
[debug]       Load.loadTransitive: finalizeProject(Project(id root, base: /Users/hsupeihan-work/IdeaProjects/Ass1, plugins: List(<none>))) took 4.601775ms
[debug] [Loading] Done in /Users/hsupeihan-work/IdeaProjects/Ass1, returning: (root)
[debug]     Load.loadUnit: loadedProjectsRaw took 3505.579886ms
[debug]     Load.loadUnit: cleanEvalClasses took 8.050032ms
[debug]   Load.loadUnit(file:/Users/hsupeihan-work/IdeaProjects/Ass1/, ...) took 6006.239435ms
[debug] Load.apply: load took 6030.214479ms
[debug] Load.apply: resolveProjects took 0.100132ms
[debug] Load.apply: finalTransforms took 15.265331ms
[debug] Load.apply: config.delegates took 0.412681ms
[debug] Load.apply: Def.make(settings)... took 84.336836ms
[debug] Load.apply: structureIndex took 36.665441ms
[debug] Load.apply: mkStreams took 0.002539ms
[info] set current project to Spark Assignment 1 (in build file:/Users/hsupeihan-work/IdeaProjects/Ass1/)
[warn] there are 2 keys that are not used by any other settings/tasks:
[warn]  
[warn] * ThisBuild / version
[warn]   +- /Users/hsupeihan-work/IdeaProjects/Ass1/build.sbt:1
[warn] * root / idePackagePrefix
[warn]   +- /Users/hsupeihan-work/IdeaProjects/Ass1/build.sbt:8
[warn]  
[warn] note: a setting might still be used by a command; to exclude a key from this `lintUnused` check
[warn] either append it to `Global / excludeLintKeys` or call .withRank(KeyRanks.Invisible) on the key
[debug] > Exec(sbtPopOnFailure, None, None)
[debug] > Exec(resumeFromFailure, None, None)
[debug] > Exec(notifyUsersAboutShell, None, None)
[debug] > Exec(iflast shell, None, None)
[debug] > Exec(shell, None, None)
[info] sbt server started at local:///Users/hsupeihan-work/.sbt/1.0/server/b7c49b6f43d7832ea49a/sock
[debug] Writing bsp connection file
[info] started sbt server
