[debug] > Exec(early(addDefaultCommands), None, None)
[debug] > Exec(addDefaultCommands, None, None)
[debug] > Exec(early(initialize), None, None)
[debug] > Exec(initialize, None, None)
[debug] > Exec(boot, None, None)
[debug] > Exec(writeSbtVersion, None, None)
[debug] > Exec(reload, None, None)
[debug] > Exec(sbtStashOnFailure, None, None)
[debug] > Exec(onFailure loadFailed, None, None)
[debug] > Exec(loadp, None, None)
[info] welcome to sbt 1.9.8 (Oracle Corporation Java 14)
[debug] Load.defaultLoad until apply took 127.707366ms
[debug]           Load.loadUnit: plugins took 110.870652ms
[debug]           Load.loadUnit: defsScala took 0.33456ms
[debug] [Loading] Scanning directory /Users/hsupeihan-work/IdeaProjects/ass test/project
[debug]             Load.loadUnit: mkEval took 8.572458ms
[debug] [Loading] Found non-root projects 
[debug] [Loading] Done in /Users/hsupeihan-work/IdeaProjects/ass test/project, returning: ()
[debug] deducing auto plugins based on known facts Set(Atom(sbt.plugins.CorePlugin)) and clauses Clauses(Clause(Atom(sbt.plugins.JvmPlugin),Set(Atom(sbt.plugins.IvyPlugin)))
[debug] Clause(Atom(sbt.ScriptedPlugin),Set(Atom(sbt.plugins.JvmPlugin)))
[debug] Clause(Atom(sbt.plugins.SbtPlugin),Set(Atom(sbt.ScriptedPlugin)))
[debug] Clause(Atom(sbt.plugins.SemanticdbPlugin),Set(Atom(sbt.plugins.JvmPlugin)))
[debug] Clause(Atom(sbt.plugins.JUnitXmlReportPlugin),Set(Atom(sbt.plugins.JvmPlugin)))
[debug] Clause(Atom(sbt.plugins.MiniDependencyTreePlugin),Set(Atom(sbt.plugins.JvmPlugin)))
[debug] Clause(Atom(sbt.plugins.CorePlugin),Set(Atom(sbt.plugins.IvyPlugin)))
[debug] Clause(Atom(sbt.plugins.IvyPlugin),Set(Atom(sbt.plugins.JvmPlugin)))
[debug] Clause(Atom(sbt.plugins.JvmPlugin),Set(Atom(sbt.plugins.SemanticdbPlugin)))
[debug] Clause(Atom(sbt.plugins.JvmPlugin),Set(Atom(sbt.plugins.JUnitXmlReportPlugin)))
[debug] Clause(Atom(sbt.plugins.CorePlugin),Set(Atom(sbt.plugins.Giter8TemplatePlugin)))
[debug] Clause(Atom(sbt.plugins.JvmPlugin),Set(Atom(sbt.plugins.MiniDependencyTreePlugin))))
[debug]   :: deduced result: Matched(sbt.plugins.CorePlugin,sbt.plugins.Giter8TemplatePlugin,sbt.plugins.IvyPlugin,sbt.plugins.JvmPlugin,sbt.plugins.MiniDependencyTreePlugin,sbt.plugins.JUnitXmlReportPlugin,sbt.plugins.SemanticdbPlugin)
[debug] Plugins.deducer#function took 23.989276 ms
[info] loading settings for project ass-test-build from plugins.sbt ...
[debug]               Load.resolveProject(ass-test-build) took 59.952057ms
[debug]             Load.loadTransitive: finalizeProject(Project(id ass-test-build, base: /Users/hsupeihan-work/IdeaProjects/ass test/project, plugins: List(<none>))) took 93.091681ms
[debug] [Loading] Done in /Users/hsupeihan-work/IdeaProjects/ass test/project, returning: (ass-test-build)
[debug]           Load.loadUnit: loadedProjectsRaw took 2045.702019ms
[debug]           Load.loadUnit: cleanEvalClasses took 244.991143ms
[debug]         Load.loadUnit(file:/Users/hsupeihan-work/IdeaProjects/ass%20test/project/, ...) took 2407.581841ms
[debug]       Load.apply: load took 2567.048862ms
[debug]       Load.apply: resolveProjects took 5.55425ms
[debug]       Load.apply: finalTransforms took 70.199853ms
[debug]       Load.apply: config.delegates took 7.200732ms
[debug]       Load.apply: Def.make(settings)... took 361.60391ms
[debug]       Load.apply: structureIndex took 111.311347ms
[debug]       Load.apply: mkStreams took 1.954442ms
[info] loading project definition from /Users/hsupeihan-work/IdeaProjects/ass test/project
[debug] Running task... Cancel: Signal, check cycles: false, forcegc: true
[debug]     Load.loadUnit: plugins took 5110.960185ms
[debug]     Load.loadUnit: defsScala took 0.004313ms
[debug] [Loading] Scanning directory /Users/hsupeihan-work/IdeaProjects/ass test
[debug]       Load.loadUnit: mkEval took 0.230225ms
[debug] [Loading] Found non-root projects 
[debug] [Loading] Done in /Users/hsupeihan-work/IdeaProjects/ass test, returning: ()
[debug] deducing auto plugins based on known facts Set(Atom(sbt.plugins.CorePlugin)) and clauses Clauses(Clause(Atom(sbt.plugins.JvmPlugin),Set(Atom(sbt.plugins.IvyPlugin)))
[debug] Clause(Atom(sbt.ScriptedPlugin),Set(Atom(sbt.plugins.JvmPlugin)))
[debug] Clause(Atom(sbt.plugins.SbtPlugin),Set(Atom(sbt.ScriptedPlugin)))
[debug] Clause(Atom(sbt.plugins.SemanticdbPlugin),Set(Atom(sbt.plugins.JvmPlugin)))
[debug] Clause(Atom(sbt.plugins.JUnitXmlReportPlugin),Set(Atom(sbt.plugins.JvmPlugin)))
[debug] Clause(Atom(sbt.plugins.MiniDependencyTreePlugin),Set(Atom(sbt.plugins.JvmPlugin)))
[debug] Clause(Atom(sbtide.ConfigPlugin),Set(Atom(sbt.plugins.JvmPlugin)))
[debug] Clause(Atom(sbt.plugins.CorePlugin),Set(Atom(sbt.plugins.IvyPlugin)))
[debug] Clause(Atom(sbt.plugins.IvyPlugin),Set(Atom(sbt.plugins.JvmPlugin)))
[debug] Clause(Atom(sbt.plugins.JvmPlugin),Set(Atom(sbt.plugins.SemanticdbPlugin)))
[debug] Clause(Atom(sbt.plugins.JvmPlugin),Set(Atom(sbt.plugins.JUnitXmlReportPlugin)))
[debug] Clause(Atom(sbt.plugins.CorePlugin),Set(Atom(sbt.plugins.Giter8TemplatePlugin)))
[debug] Clause(Atom(sbt.plugins.JvmPlugin),Set(Atom(sbt.plugins.MiniDependencyTreePlugin))))
[debug]   :: deduced result: Matched(sbt.plugins.CorePlugin,sbt.plugins.Giter8TemplatePlugin,sbt.plugins.IvyPlugin,sbt.plugins.JvmPlugin,sbt.plugins.MiniDependencyTreePlugin,sbt.plugins.JUnitXmlReportPlugin,sbt.plugins.SemanticdbPlugin)
[debug] Plugins.deducer#function took 3.868885 ms
[info] loading settings for project ass-test from build.sbt ...
[debug]         Load.resolveProject(ass-test) took 1.89516ms
[debug]       Load.loadTransitive: finalizeProject(Project(id ass-test, base: /Users/hsupeihan-work/IdeaProjects/ass test, plugins: List(<none>))) took 6.370453ms
[debug] [Loading] Done in /Users/hsupeihan-work/IdeaProjects/ass test, returning: (ass-test)
[debug]     Load.loadUnit: loadedProjectsRaw took 2726.024112ms
[debug]     Load.loadUnit: cleanEvalClasses took 12.807223ms
[debug]   Load.loadUnit(file:/Users/hsupeihan-work/IdeaProjects/ass%20test/, ...) took 7851.217529ms
[debug] Load.apply: load took 7870.828985ms
[debug] Load.apply: resolveProjects took 0.101769ms
[debug] Load.apply: finalTransforms took 11.241026ms
[debug] Load.apply: config.delegates took 0.437024ms
[debug] Load.apply: Def.make(settings)... took 79.119776ms
[debug] Load.apply: structureIndex took 36.010311ms
[debug] Load.apply: mkStreams took 0.003662ms
[info] set current project to Spark Assignment 1 (in build file:/Users/hsupeihan-work/IdeaProjects/ass%20test/)
[debug] > Exec(sbtPopOnFailure, None, None)
[debug] > Exec(resumeFromFailure, None, None)
[debug] > Exec(notifyUsersAboutShell, None, None)
[debug] > Exec(iflast shell, None, None)
[debug] > Exec(shell, None, None)
[info] sbt server started at local:///Users/hsupeihan-work/.sbt/1.0/server/0abd55966945ebc78fab/sock
[debug] Writing bsp connection file
[info] started sbt server
